Arguments: 
  C:\Program Files\nodejs\node.exe C:\laragon\bin\yarn\bin\yarn.js dev

PATH: 
  C:\ProgramData\Oracle\Java\javapath;C:\Program Files (x86)\Common Files\Oracle\Java\javapath;C:\Program Files (x86)\Razer Chroma SDK\bin;C:\Program Files\Razer Chroma SDK\bin;C:\Program Files (x86)\Razer\ChromaBroadcast\bin;C:\Program Files\Razer\ChromaBroadcast\bin;C:\Windows\system32;C:\Windows;C:\Windows\System32\Wbem;C:\Windows\System32\WindowsPowerShell\v1.0\;C:\Windows\System32\OpenSSH\;C:\Program Files (x86)\NVIDIA Corporation\PhysX\Common;C:\Program Files\NVIDIA Corporation\NVIDIA NvDLISR;C:\Program Files\dotnet\;C:\ProgramData\ComposerSetup\bin;C:\WINDOWS\system32;C:\WINDOWS;C:\WINDOWS\System32\Wbem;C:\WINDOWS\System32\WindowsPowerShell\v1.0\;C:\WINDOWS\System32\OpenSSH\;C:\WINDOWS\system32\config\systemprofile\AppData\Local\Microsoft\WindowsApps;C:\Program Files\Git\cmd;C:\ProgramData\chocolatey\bin;C:\php\8.2;C:\Program Files\PowerShell\7\;%NVM_HOME%;%NVM_SYMLINK%;C:\Program Files\Docker\Docker\resources\bin;C:\Program Files\Go\bin;C:\Program Files\MySQL\MySQL Shell 8.0\bin\;C:\laragon\bin;C:\laragon\bin\apache\httpd-2.4.47-win64-VS16\bin;C:\laragon\bin\composer;C:\laragon\bin\git\bin;C:\laragon\bin\git\cmd;C:\laragon\bin\git\mingw64\bin;C:\laragon\bin\git\usr\bin;C:\laragon\bin\laragon\utils;C:\laragon\bin\mysql\mysql-5.7.33-winx64\bin;C:\laragon\bin\nginx\nginx-1.19.10;C:\laragon\bin\ngrok;C:\laragon\bin\notepad++;C:\laragon\bin\php\php-8.1.9-nts-Win32-vs16-x64;C:\laragon\bin\python\python-3.6.1;C:\laragon\bin\python\python-3.6.1\Scripts;C:\laragon\bin\redis\redis-x64-3.2.100;C:\laragon\bin\telnet;C:\laragon\bin\yarn\bin;C:\laragon\usr\bin;C:\Users\ASUS\AppData\Local\Yarn\config\global\node_modules\.bin;C:\Users\ASUS\AppData\Roaming\Composer\vendor\bin;C:\Users\ASUS\AppData\Roaming\npm;C:\Users\ASUS\AppData\Local\Microsoft\WindowsApps;C:\Users\ASUS\AppData\Local\Programs\Microsoft VS Code\bin;C:\Program Files\JetBrains\PhpStorm 2022.3\bin;;C:\Users\ASUS\AppData\Local\Microsoft\WindowsApps;C:\Users\ASUS\AppData\Local\Programs\oh-my-posh\bin;C:\Users\ASUS\AppData\Roaming\nvm;C:\Program Files\nodejs;C:\Users\ASUS\go\bin

Yarn version: 
  1.14.0

Node version: 
  19.3.0

Platform: 
  win32 x64

Trace: 
  SyntaxError: D:\Contribute\KoalaFacade.github.io\package.json: Expected double-quoted property name in JSON at position 728
      at JSON.parse (<anonymous>)
      at C:\laragon\bin\yarn\lib\cli.js:1625:59
      at Generator.next (<anonymous>)
      at step (C:\laragon\bin\yarn\lib\cli.js:304:30)
      at C:\laragon\bin\yarn\lib\cli.js:315:13

npm manifest: 
  {
    "name": "KoalaFacade.github.io",
    "version": "0.0.0",
    "description": "KoalaFacade static page",
    "repository": "https://github.com/KoalaFacade/KoalaFacade.github.io",
    "author": "pemudakoding <pemudakoding@gmail.com>",
    "license": "MIT",
    "scripts": {
      "server": "hugo server -b http://localhost -p 8000",
      "dev": "NODE_ENV=development ./themes/congo/node_modules/tailwindcss/lib/cli.js -c ./themes/congo/tailwind.config.js -i ./themes/congo/assets/css/main.css -o ./assets/css/compiled/main.css --jit -w",
      "build": "NODE_ENV=production ./themes/congo/node_modules/tailwindcss/lib/cli.js -c ./themes/congo/tailwind.config.js -i ./themes/congo/assets/css/main.css -o ./assets/css/compiled/main.css --jit",
    }
  }

yarn manifest: 
  No manifest

Lockfile: 
  # THIS IS AN AUTOGENERATED FILE. DO NOT EDIT THIS FILE DIRECTLY.
  # yarn lockfile v1
